Using pre-set license
Built from '2020.3/release' branch; Version is '2020.3.15f2 (6cf78cb77498) revision 7141260'; Using compiler version '192528614'; Build Type 'Release'
OS: 'Windows 10 Pro; OS build 19045.2604; Version 2009; 64bit' Language: 'de' Physical Memory: 16221 MB
BatchMode: 1, IsHumanControllingUs: 0, StartBugReporterOnCrash: 0, Is64bit: 1, IsPro: 0

 COMMAND LINE ARGUMENTS:
E:\Unity\2020.3.15f2\Editor\Unity.exe
-adb2
-batchMode
-noUpm
-name
AssetImportWorker0
-projectPath
E:/Unity/MonsterArena
-logFile
Logs/AssetImportWorker0.log
-srvPort
58662
Successfully changed project path to: E:/Unity/MonsterArena
E:/Unity/MonsterArena
Using Asset Import Pipeline V2.
Refreshing native plugins compatible for Editor in 69.08 ms, found 3 plugins.
Preloading 0 native plugins for Editor in 0.00 ms.
Initialize engine version: 2020.3.15f2 (6cf78cb77498)
[Subsystems] Discovering subsystems at path E:/Unity/2020.3.15f2/Editor/Data/Resources/UnitySubsystems
[Subsystems] Discovering subsystems at path E:/Unity/MonsterArena/Assets
GfxDevice: creating device client; threaded=0
Direct3D:
    Version:  Direct3D 11.0 [level 11.1]
    Renderer: NVIDIA GeForce GTX 1660 Ti (ID=0x2191)
    Vendor:   
    VRAM:     5991 MB
    Driver:   27.21.14.5167
Initialize mono
Mono path[0] = 'E:/Unity/2020.3.15f2/Editor/Data/Managed'
Mono path[1] = 'E:/Unity/2020.3.15f2/Editor/Data/MonoBleedingEdge/lib/mono/unityjit'
Mono config path = 'E:/Unity/2020.3.15f2/Editor/Data/MonoBleedingEdge/etc'
Using monoOptions --debugger-agent=transport=dt_socket,embedding=1,server=y,suspend=n,address=127.0.0.1:56316
Begin MonoManager ReloadAssembly
Registering precompiled unity dll's ...
Register platform support module: E:/Unity/2020.3.15f2/Editor/Data/PlaybackEngines/WebGLSupport/UnityEditor.WebGL.Extensions.dll
Register platform support module: E:/Unity/2020.3.15f2/Editor/Data/PlaybackEngines/MacStandaloneSupport/UnityEditor.OSXStandalone.Extensions.dll
Register platform support module: E:/Unity/2020.3.15f2/Editor/Data/PlaybackEngines/WindowsStandaloneSupport/UnityEditor.WindowsStandalone.Extensions.dll
Registered in 0.002425 seconds.
Native extension for WindowsStandalone target not found
Native extension for OSXStandalone target not found
Native extension for WebGL target not found
Refreshing native plugins compatible for Editor in 71.68 ms, found 3 plugins.
Preloading 0 native plugins for Editor in 0.00 ms.
Mono: successfully reloaded assembly
- Completed reload, in  1.655 seconds
Domain Reload Profiling:
	ReloadAssembly (1655ms)
		BeginReloadAssembly (88ms)
			ExecutionOrderSort (0ms)
			DisableScriptedObjects (0ms)
			BackupInstance (0ms)
			ReleaseScriptingObjects (0ms)
			CreateAndSetChildDomain (1ms)
		EndReloadAssembly (529ms)
			LoadAssemblies (89ms)
			RebuildTransferFunctionScriptingTraits (0ms)
			SetupTypeCache (191ms)
			ReleaseScriptCaches (0ms)
			RebuildScriptCaches (38ms)
			SetupLoadedEditorAssemblies (219ms)
				LogAssemblyErrors (0ms)
				InitializePlatformSupportModulesInManaged (6ms)
				SetLoadedEditorAssemblies (0ms)
				RefreshPlugins (72ms)
				BeforeProcessingInitializeOnLoad (17ms)
				ProcessInitializeOnLoadAttributes (91ms)
				ProcessInitializeOnLoadMethodAttributes (32ms)
				AfterProcessingInitializeOnLoad (0ms)
				EditorAssembliesLoaded (0ms)
			ExecutionOrderSort2 (0ms)
			AwakeInstancesAfterBackupRestoration (0ms)
Platform modules already initialized, skipping
Registering precompiled user dll's ...
Registered in 0.005145 seconds.
Begin MonoManager ReloadAssembly
Native extension for WindowsStandalone target not found
Native extension for OSXStandalone target not found
Native extension for WebGL target not found
Refreshing native plugins compatible for Editor in 64.72 ms, found 3 plugins.
Preloading 0 native plugins for Editor in 0.00 ms.
Mono: successfully reloaded assembly
- Completed reload, in  1.498 seconds
Domain Reload Profiling:
	ReloadAssembly (1499ms)
		BeginReloadAssembly (195ms)
			ExecutionOrderSort (0ms)
			DisableScriptedObjects (5ms)
			BackupInstance (0ms)
			ReleaseScriptingObjects (0ms)
			CreateAndSetChildDomain (19ms)
		EndReloadAssembly (1234ms)
			LoadAssemblies (135ms)
			RebuildTransferFunctionScriptingTraits (0ms)
			SetupTypeCache (378ms)
			ReleaseScriptCaches (0ms)
			RebuildScriptCaches (60ms)
			SetupLoadedEditorAssemblies (543ms)
				LogAssemblyErrors (0ms)
				InitializePlatformSupportModulesInManaged (6ms)
				SetLoadedEditorAssemblies (0ms)
				RefreshPlugins (65ms)
				BeforeProcessingInitializeOnLoad (105ms)
				ProcessInitializeOnLoadAttributes (349ms)
				ProcessInitializeOnLoadMethodAttributes (15ms)
				AfterProcessingInitializeOnLoad (3ms)
				EditorAssembliesLoaded (0ms)
			ExecutionOrderSort2 (0ms)
			AwakeInstancesAfterBackupRestoration (8ms)
Platform modules already initialized, skipping
========================================================================
Worker process is ready to serve import requests
Launched and connected shader compiler UnityShaderCompiler.exe after 0.05 seconds
Refreshing native plugins compatible for Editor in 0.57 ms, found 3 plugins.
Preloading 0 native plugins for Editor in 0.00 ms.
Unloading 2287 Unused Serialized files (Serialized files now loaded: 0)
System memory in use before: 114.7 MB.
System memory in use after: 114.8 MB.

Unloading 33 unused Assets to reduce memory usage. Loaded Objects now: 2740.
Total: 3.344900 ms (FindLiveObjects: 0.244600 ms CreateObjectMapping: 0.096700 ms MarkObjects: 2.875500 ms  DeleteObjects: 0.126500 ms)

AssetImportParameters requested are different than current active one (requested -> active):
  custom:framework-win-MediaFoundation: 216162199b28c13a410421893ffa2e32 -> 
  custom:video-decoder-ogg-theora: a1e56fd34408186e4bbccfd4996cb3dc -> 
  custom:container-muxer-webm: aa71ff27fc2769a1b78a27578f13a17b -> 
  custom:container-demuxer-webm: 4f35f7cbe854078d1ac9338744f61a02 -> 
  custom:container-demuxer-ogg: 62fdf1f143b41e24485cea50d1cbac27 -> 
  custom:video-encoder-webm-vp8: eb34c28f22e8b96e1ab97ce403110664 -> 
  custom:video-decoder-webm-vp8: 9c59270c3fd7afecdb556c50c9e8de78 -> 
  custom:audio-decoder-ogg-vorbis: bf7c407c2cedff20999df2af8eb42d56 -> 
  custom:audio-encoder-webm-vorbis: bf7c407c2cedff20999df2af8eb42d56 -> 
========================================================================
Received Import Request.
  path: Assets/GothicVania Church/Sprites/Misc/Enemy-Death/Enemy-Death-4.png
  artifactKey: Guid(30e4f85892c46449cbd4ea836c389c9b) Importer(815301076,1909f56bfc062723c751e8b465ee728b)
Start importing Assets/GothicVania Church/Sprites/Misc/Enemy-Death/Enemy-Death-4.png using Guid(30e4f85892c46449cbd4ea836c389c9b) Importer(815301076,1909f56bfc062723c751e8b465ee728b)  -> (artifact id: '6fab9eac756bbea4c8d2f54d421b8fc9') in 0.249734 seconds 
  Import took 0.253312 seconds .

========================================================================
Received Import Request.
  Time since last request: 0.000296 seconds.
  path: Assets/GothicVania Church/Sprites/Misc/Enemy-Death/Enemy-Death-6.png
  artifactKey: Guid(13f4a1907b0bf431797e44979420ba8d) Importer(815301076,1909f56bfc062723c751e8b465ee728b)
Start importing Assets/GothicVania Church/Sprites/Misc/Enemy-Death/Enemy-Death-6.png using Guid(13f4a1907b0bf431797e44979420ba8d) Importer(815301076,1909f56bfc062723c751e8b465ee728b)  -> (artifact id: '3a08f1db73aacaee6645393a374a5ff0') in 0.017184 seconds 
  Import took 0.020802 seconds .

========================================================================
Received Import Request.
  Time since last request: 0.000377 seconds.
  path: Assets/GothicVania Church/Sprites/Misc/Enemy-Death/Enemy-Death-5.png
  artifactKey: Guid(57845e207a697433b92e3aba240a4b2a) Importer(815301076,1909f56bfc062723c751e8b465ee728b)
Start importing Assets/GothicVania Church/Sprites/Misc/Enemy-Death/Enemy-Death-5.png using Guid(57845e207a697433b92e3aba240a4b2a) Importer(815301076,1909f56bfc062723c751e8b465ee728b)  -> (artifact id: '9dbbeb2d6decf5d8cda94b7277436e2b') in 0.019594 seconds 
  Import took 0.023572 seconds .

========================================================================
Received Import Request.
  Time since last request: 0.000299 seconds.
  path: Assets/GothicVania Church/Sprites/Misc/Enemy-Death/Enemy-Death-1.png
  artifactKey: Guid(f81c1c89a83ed49ba9dc43e5434a3531) Importer(815301076,1909f56bfc062723c751e8b465ee728b)
Start importing Assets/GothicVania Church/Sprites/Misc/Enemy-Death/Enemy-Death-1.png using Guid(f81c1c89a83ed49ba9dc43e5434a3531) Importer(815301076,1909f56bfc062723c751e8b465ee728b)  -> (artifact id: '7dd5635e10f9a47ff419bd1173c160f9') in 0.015740 seconds 
  Import took 0.019848 seconds .

========================================================================
Received Import Request.
  Time since last request: 0.000314 seconds.
  path: Assets/GothicVania Church/Sprites/Misc/Enemy-Death
  artifactKey: Guid(a96c9dd2329cb438d9393051256ff85e) Importer(815301076,1909f56bfc062723c751e8b465ee728b)
Start importing Assets/GothicVania Church/Sprites/Misc/Enemy-Death using Guid(a96c9dd2329cb438d9393051256ff85e) Importer(815301076,1909f56bfc062723c751e8b465ee728b)  -> (artifact id: 'fff115b08736098cf7ec90c8392374a0') in 0.006206 seconds 
  Import took 0.009867 seconds .

========================================================================
Received Import Request.
  Time since last request: 0.000311 seconds.
  path: Assets/GothicVania Church/Sprites/Misc/Fireball
  artifactKey: Guid(1374dcc7f5c644dc2885ad1267f93137) Importer(815301076,1909f56bfc062723c751e8b465ee728b)
Start importing Assets/GothicVania Church/Sprites/Misc/Fireball using Guid(1374dcc7f5c644dc2885ad1267f93137) Importer(815301076,1909f56bfc062723c751e8b465ee728b)  -> (artifact id: 'f0d2304031f500d05d6b13e7cd320463') in 0.006070 seconds 
  Import took 0.009763 seconds .

========================================================================
Received Import Request.
  Time since last request: 0.000266 seconds.
  path: Assets/GothicVania Church/Sprites/Misc/Fireball/fireball3.png
  artifactKey: Guid(1cbab147f3d6a4298afd5dc425552309) Importer(815301076,1909f56bfc062723c751e8b465ee728b)
Start importing Assets/GothicVania Church/Sprites/Misc/Fireball/fireball3.png using Guid(1cbab147f3d6a4298afd5dc425552309) Importer(815301076,1909f56bfc062723c751e8b465ee728b)  -> (artifact id: '01e8d186de94a70c53d850f4f193d88a') in 0.016192 seconds 
  Import took 0.020098 seconds .

========================================================================
Received Import Request.
  Time since last request: 0.000311 seconds.
  path: Assets/GothicVania Church/Sprites/Misc/Fireball/fireball2.png
  artifactKey: Guid(764d28acbc3994af2873c2c42bdab986) Importer(815301076,1909f56bfc062723c751e8b465ee728b)
Start importing Assets/GothicVania Church/Sprites/Misc/Fireball/fireball2.png using Guid(764d28acbc3994af2873c2c42bdab986) Importer(815301076,1909f56bfc062723c751e8b465ee728b)  -> (artifact id: '9e40dcda16aad877f5f7d5d16ce9f502') in 0.018698 seconds 
  Import took 0.022737 seconds .

========================================================================
Received Import Request.
  Time since last request: 0.000306 seconds.
  path: Assets/GothicVania Church/Sprites/Misc
  artifactKey: Guid(af1f99b5cc528444486ad4738658d79d) Importer(815301076,1909f56bfc062723c751e8b465ee728b)
Start importing Assets/GothicVania Church/Sprites/Misc using Guid(af1f99b5cc528444486ad4738658d79d) Importer(815301076,1909f56bfc062723c751e8b465ee728b)  -> (artifact id: '39e0413ee21e6133fee3553ebcfb6787') in 0.006330 seconds 
  Import took 0.010528 seconds .

========================================================================
Received Import Request.
  Time since last request: 0.000332 seconds.
  path: Assets/GothicVania Church/Sprites/Misc/Enemy-Death/Enemy-Death-3.png
  artifactKey: Guid(2bcb30bfe42a24c16b493bfee67b8ef8) Importer(815301076,1909f56bfc062723c751e8b465ee728b)
Start importing Assets/GothicVania Church/Sprites/Misc/Enemy-Death/Enemy-Death-3.png using Guid(2bcb30bfe42a24c16b493bfee67b8ef8) Importer(815301076,1909f56bfc062723c751e8b465ee728b)  -> (artifact id: 'c48f9da207b992ce55362b8b87af2496') in 0.015644 seconds 
  Import took 0.019515 seconds .

========================================================================
Received Import Request.
  Time since last request: 0.000301 seconds.
  path: Assets/GothicVania Church/Sprites/Misc/Enemy-Death/Enemy-Death-2.png
  artifactKey: Guid(05693a8fd758747cab019551188b0447) Importer(815301076,1909f56bfc062723c751e8b465ee728b)
Start importing Assets/GothicVania Church/Sprites/Misc/Enemy-Death/Enemy-Death-2.png using Guid(05693a8fd758747cab019551188b0447) Importer(815301076,1909f56bfc062723c751e8b465ee728b)  -> (artifact id: 'e4b5fb7cc79d18409e3e68af8544fb86') in 0.015860 seconds 
  Import took 0.019695 seconds .

========================================================================
Received Import Request.
  Time since last request: 0.000309 seconds.
  path: Assets/GothicVania Church/Sprites
  artifactKey: Guid(da08416cc812547178a26bc586017b5b) Importer(815301076,1909f56bfc062723c751e8b465ee728b)
Start importing Assets/GothicVania Church/Sprites using Guid(da08416cc812547178a26bc586017b5b) Importer(815301076,1909f56bfc062723c751e8b465ee728b)  -> (artifact id: '7a18f5420bb402424104bb4daa009b11') in 0.006276 seconds 
  Import took 0.009966 seconds .

========================================================================
Received Import Request.
  Time since last request: 0.000302 seconds.
  path: Assets/GothicVania Church/Sprites/Misc/Enemy-Death/Enemy-Death-7.png
  artifactKey: Guid(e4dfb8af17a354fd4a5278f311c19e03) Importer(815301076,1909f56bfc062723c751e8b465ee728b)
Start importing Assets/GothicVania Church/Sprites/Misc/Enemy-Death/Enemy-Death-7.png using Guid(e4dfb8af17a354fd4a5278f311c19e03) Importer(815301076,1909f56bfc062723c751e8b465ee728b)  -> (artifact id: '26acb53ab9703ac94ca124c6066ac2f9') in 0.018183 seconds 
  Import took 0.021873 seconds .

========================================================================
Received Import Request.
  Time since last request: 0.000421 seconds.
  path: Assets/GothicVania Church/Sprites/Misc/Fireball/fireball1.png
  artifactKey: Guid(bead47d786e844adba7899d02e8851eb) Importer(815301076,1909f56bfc062723c751e8b465ee728b)
Start importing Assets/GothicVania Church/Sprites/Misc/Fireball/fireball1.png using Guid(bead47d786e844adba7899d02e8851eb) Importer(815301076,1909f56bfc062723c751e8b465ee728b)  -> (artifact id: 'fd450908a09c87538ccf0d1dc0c7e390') in 0.015048 seconds 
  Import took 0.018856 seconds .

========================================================================
Received Import Request.
  Time since last request: 1.854512 seconds.
  path: Assets/GothicVania Church/Environment
  artifactKey: Guid(bf678482ad0bb4e2d9fc66d3ba3b925d) Importer(815301076,1909f56bfc062723c751e8b465ee728b)
Start importing Assets/GothicVania Church/Environment using Guid(bf678482ad0bb4e2d9fc66d3ba3b925d) Importer(815301076,1909f56bfc062723c751e8b465ee728b)  -> (artifact id: 'c71184ea72a8f33b441ff2e964bc76bb') in 0.006017 seconds 
  Import took 0.009975 seconds .

========================================================================
Received Import Request.
  Time since last request: 0.068369 seconds.
  path: Assets/GothicVania Church/Environment/bg-1.png
  artifactKey: Guid(4088e222fbea240ceb318507c580aa2e) Importer(815301076,1909f56bfc062723c751e8b465ee728b)
Start importing Assets/GothicVania Church/Environment/bg-1.png using Guid(4088e222fbea240ceb318507c580aa2e) Importer(815301076,1909f56bfc062723c751e8b465ee728b)  -> (artifact id: 'ad63883932251f4b7b3b273370114897') in 0.016619 seconds 
  Import took 0.020118 seconds .

========================================================================
Received Import Request.
  Time since last request: 0.000356 seconds.
  path: Assets/GothicVania Church/Environment/column.png
  artifactKey: Guid(41d8855c301eb4f37bddd0d3dfac611b) Importer(815301076,1909f56bfc062723c751e8b465ee728b)
Start importing Assets/GothicVania Church/Environment/column.png using Guid(41d8855c301eb4f37bddd0d3dfac611b) Importer(815301076,1909f56bfc062723c751e8b465ee728b)  -> (artifact id: 'baf7cb53eed526fe583057dc322adde6') in 0.020208 seconds 
  Import took 0.023636 seconds .

========================================================================
Received Import Request.
  Time since last request: 0.000343 seconds.
  path: Assets/GothicVania Church/Environment/tileset.png
  artifactKey: Guid(aaa6ed922388941e8a1e8c9a7cb2a712) Importer(815301076,1909f56bfc062723c751e8b465ee728b)
Start importing Assets/GothicVania Church/Environment/tileset.png using Guid(aaa6ed922388941e8a1e8c9a7cb2a712) Importer(815301076,1909f56bfc062723c751e8b465ee728b)  -> (artifact id: '698cdf166782af05e646081387cc2d8b') in 0.019969 seconds 
  Import took 0.023563 seconds .

========================================================================
Received Import Request.
  Time since last request: 0.000386 seconds.
  path: Assets/GothicVania Church/Environment/bg-2.png
  artifactKey: Guid(4d106ce971166481faa32de0ba5145c0) Importer(815301076,1909f56bfc062723c751e8b465ee728b)
Start importing Assets/GothicVania Church/Environment/bg-2.png using Guid(4d106ce971166481faa32de0ba5145c0) Importer(815301076,1909f56bfc062723c751e8b465ee728b)  -> (artifact id: '62c1f463c9fb805ca1c09f6e20a13c2b') in 0.016085 seconds 
  Import took 0.019917 seconds .

========================================================================
Received Import Request.
  Time since last request: 0.000353 seconds.
  path: Assets/GothicVania Church/Environment/bg-3.png
  artifactKey: Guid(167f44201ce9c4632b387d0a0822f7f5) Importer(815301076,1909f56bfc062723c751e8b465ee728b)
Start importing Assets/GothicVania Church/Environment/bg-3.png using Guid(167f44201ce9c4632b387d0a0822f7f5) Importer(815301076,1909f56bfc062723c751e8b465ee728b)  -> (artifact id: '78a33e680cae89dca3c149a1e24679d7') in 0.019566 seconds 
  Import took 0.023404 seconds .

========================================================================
Received Import Request.
  Time since last request: 0.000329 seconds.
  path: Assets/GothicVania Church/Environment/bg-5.png
  artifactKey: Guid(f8298875ddc0d4fa4bb8d9a60b80fa3b) Importer(815301076,1909f56bfc062723c751e8b465ee728b)
Start importing Assets/GothicVania Church/Environment/bg-5.png using Guid(f8298875ddc0d4fa4bb8d9a60b80fa3b) Importer(815301076,1909f56bfc062723c751e8b465ee728b)  -> (artifact id: '763324a12d5e9fdf67fbf259a20fb49a') in 0.017900 seconds 
  Import took 0.021665 seconds .

========================================================================
Received Import Request.
  Time since last request: 0.000347 seconds.
  path: Assets/GothicVania Church/Environment/bg-4.png
  artifactKey: Guid(d8254b0cb964744a0a12cf381c9356e0) Importer(815301076,1909f56bfc062723c751e8b465ee728b)
Start importing Assets/GothicVania Church/Environment/bg-4.png using Guid(d8254b0cb964744a0a12cf381c9356e0) Importer(815301076,1909f56bfc062723c751e8b465ee728b)  -> (artifact id: '085daafdc919e5330c29c18135d63763') in 0.017423 seconds 
  Import took 0.021227 seconds .

========================================================================
Received Import Request.
  Time since last request: 34.947425 seconds.
  path: Assets/Medieval_pixel_art_asset_FREE/palettes
  artifactKey: Guid(b77922e1d5d31154ca6068d40f1dc7e0) Importer(815301076,1909f56bfc062723c751e8b465ee728b)
Start importing Assets/Medieval_pixel_art_asset_FREE/palettes using Guid(b77922e1d5d31154ca6068d40f1dc7e0) Importer(815301076,1909f56bfc062723c751e8b465ee728b)  -> (artifact id: '494f645eb2b326f6589157a59b663691') in 0.007147 seconds 
  Import took 0.011157 seconds .

========================================================================
Received Import Request.
  Time since last request: 0.270396 seconds.
  path: Assets/Medieval_pixel_art_asset_FREE/palettes/Medieval_pixel_art_tileset_free.prefab
  artifactKey: Guid(24d7ac66bf388d14186f825aca992a57) Importer(815301076,1909f56bfc062723c751e8b465ee728b)
Start importing Assets/Medieval_pixel_art_asset_FREE/palettes/Medieval_pixel_art_tileset_free.prefab using Guid(24d7ac66bf388d14186f825aca992a57) Importer(815301076,1909f56bfc062723c751e8b465ee728b)  -> (artifact id: 'ad43549350bd99e52f84536e799ac528') in 0.033778 seconds 
  Import took 0.037260 seconds .

========================================================================
Received Import Request.
  Time since last request: 7.522741 seconds.
  path: Assets/Medieval_pixel_art_asset_FREE/Tiles_free
  artifactKey: Guid(631a5d26e29e0094c899147c58ca51dc) Importer(815301076,1909f56bfc062723c751e8b465ee728b)
Start importing Assets/Medieval_pixel_art_asset_FREE/Tiles_free using Guid(631a5d26e29e0094c899147c58ca51dc) Importer(815301076,1909f56bfc062723c751e8b465ee728b)  -> (artifact id: '549d929728eb0ef0e2dce681e7b0cf36') in 0.006308 seconds 
  Import took 0.009784 seconds .

========================================================================
Received Import Request.
  Time since last request: 0.050701 seconds.
  path: Assets/Medieval_pixel_art_asset_FREE/Tiles_free/Medieval_tiles_free2_0.asset
  artifactKey: Guid(d9f98adac48e02c4ca93094b79d999d5) Importer(815301076,1909f56bfc062723c751e8b465ee728b)
Start importing Assets/Medieval_pixel_art_asset_FREE/Tiles_free/Medieval_tiles_free2_0.asset using Guid(d9f98adac48e02c4ca93094b79d999d5) Importer(815301076,1909f56bfc062723c751e8b465ee728b)  -> (artifact id: '7be18e5147c192ca679565a2d5673354') in 0.036603 seconds 
  Import took 0.040245 seconds .

========================================================================
Received Import Request.
  Time since last request: 0.000311 seconds.
  path: Assets/Medieval_pixel_art_asset_FREE/Tiles_free/Medieval_tiles_free2_18.asset
  artifactKey: Guid(10647dd5dcafe1f4bbdf174163405cc0) Importer(815301076,1909f56bfc062723c751e8b465ee728b)
Start importing Assets/Medieval_pixel_art_asset_FREE/Tiles_free/Medieval_tiles_free2_18.asset using Guid(10647dd5dcafe1f4bbdf174163405cc0) Importer(815301076,1909f56bfc062723c751e8b465ee728b)  -> (artifact id: '133d80f5ff005a071370473424cda3a7') in 0.013958 seconds 
  Import took 0.017173 seconds .

========================================================================
Received Import Request.
  Time since last request: 0.000352 seconds.
  path: Assets/Medieval_pixel_art_asset_FREE/Tiles_free/Medieval_tiles_free2_4.asset
  artifactKey: Guid(171f86f8edb27b94bb438bc33e86bdc7) Importer(815301076,1909f56bfc062723c751e8b465ee728b)
Start importing Assets/Medieval_pixel_art_asset_FREE/Tiles_free/Medieval_tiles_free2_4.asset using Guid(171f86f8edb27b94bb438bc33e86bdc7) Importer(815301076,1909f56bfc062723c751e8b465ee728b)  -> (artifact id: 'e5e62b671b842d0bebb792207fe3e0af') in 0.013588 seconds 
  Import took 0.017370 seconds .

========================================================================
Received Import Request.
  Time since last request: 0.000279 seconds.
  path: Assets/Medieval_pixel_art_asset_FREE/Tiles_free/Medieval_tiles_free2_28.asset
  artifactKey: Guid(f1bcaf2a57ee8b743a9dd0f7d8d27aa5) Importer(815301076,1909f56bfc062723c751e8b465ee728b)
Start importing Assets/Medieval_pixel_art_asset_FREE/Tiles_free/Medieval_tiles_free2_28.asset using Guid(f1bcaf2a57ee8b743a9dd0f7d8d27aa5) Importer(815301076,1909f56bfc062723c751e8b465ee728b)  -> (artifact id: '7340ea09058cf4f0abd93b74c49a21ba') in 0.012574 seconds 
  Import took 0.016335 seconds .

========================================================================
Received Import Request.
  Time since last request: 0.000342 seconds.
  path: Assets/Medieval_pixel_art_asset_FREE/Tiles_free/Medieval_tiles_free2_50.asset
  artifactKey: Guid(a4bb22a71934f524cb9bfbfdc56c7bc1) Importer(815301076,1909f56bfc062723c751e8b465ee728b)
Start importing Assets/Medieval_pixel_art_asset_FREE/Tiles_free/Medieval_tiles_free2_50.asset using Guid(a4bb22a71934f524cb9bfbfdc56c7bc1) Importer(815301076,1909f56bfc062723c751e8b465ee728b)  -> (artifact id: '4a0fcf5563e774c58d649d6441977ca0') in 0.013837 seconds 
  Import took 0.017486 seconds .

========================================================================
Received Import Request.
  Time since last request: 0.000206 seconds.
  path: Assets/Medieval_pixel_art_asset_FREE/Tiles_free/Medieval_tiles_free2_42.asset
  artifactKey: Guid(74ebba021b6c4634cb06399c746ff31b) Importer(815301076,1909f56bfc062723c751e8b465ee728b)
Start importing Assets/Medieval_pixel_art_asset_FREE/Tiles_free/Medieval_tiles_free2_42.asset using Guid(74ebba021b6c4634cb06399c746ff31b) Importer(815301076,1909f56bfc062723c751e8b465ee728b)  -> (artifact id: '32bbebc66e40b56eec5500756dac37d9') in 0.012302 seconds 
  Import took 0.015935 seconds .

========================================================================
Received Import Request.
  Time since last request: 0.000380 seconds.
  path: Assets/Medieval_pixel_art_asset_FREE/Tiles_free/Medieval_tiles_free2_5.asset
  artifactKey: Guid(2fb88953e2c1c0c4a91f42a64ec98399) Importer(815301076,1909f56bfc062723c751e8b465ee728b)
Start importing Assets/Medieval_pixel_art_asset_FREE/Tiles_free/Medieval_tiles_free2_5.asset using Guid(2fb88953e2c1c0c4a91f42a64ec98399) Importer(815301076,1909f56bfc062723c751e8b465ee728b)  -> (artifact id: '7c025f82547329f7902f47c55a2f271b') in 0.014461 seconds 
  Import took 0.018211 seconds .

========================================================================
Received Import Request.
  Time since last request: 0.000255 seconds.
  path: Assets/Medieval_pixel_art_asset_FREE/Tiles_free/Medieval_tiles_free2_8.asset
  artifactKey: Guid(0e2cab3f02c7fb341a7d53298845604a) Importer(815301076,1909f56bfc062723c751e8b465ee728b)
Start importing Assets/Medieval_pixel_art_asset_FREE/Tiles_free/Medieval_tiles_free2_8.asset using Guid(0e2cab3f02c7fb341a7d53298845604a) Importer(815301076,1909f56bfc062723c751e8b465ee728b)  -> (artifact id: '6142531b411dc0d2dfa07b4159215bde') in 0.015509 seconds 
  Import took 0.019236 seconds .

========================================================================
Received Import Request.
  Time since last request: 0.000314 seconds.
  path: Assets/Medieval_pixel_art_asset_FREE/Tiles_free/Medieval_tiles_free2_53.asset
  artifactKey: Guid(f329e299f14bcfb49a756b3f099187e5) Importer(815301076,1909f56bfc062723c751e8b465ee728b)
Start importing Assets/Medieval_pixel_art_asset_FREE/Tiles_free/Medieval_tiles_free2_53.asset using Guid(f329e299f14bcfb49a756b3f099187e5) Importer(815301076,1909f56bfc062723c751e8b465ee728b)  -> (artifact id: '560a786468f56d45461b24c010bc9841') in 0.012783 seconds 
  Import took 0.016401 seconds .

========================================================================
Received Import Request.
  Time since last request: 0.000310 seconds.
  path: Assets/Medieval_pixel_art_asset_FREE/Tiles_free/Medieval_tiles_free2_40.asset
  artifactKey: Guid(0c613769e6d22c04cb0c20f59c3160ae) Importer(815301076,1909f56bfc062723c751e8b465ee728b)
Start importing Assets/Medieval_pixel_art_asset_FREE/Tiles_free/Medieval_tiles_free2_40.asset using Guid(0c613769e6d22c04cb0c20f59c3160ae) Importer(815301076,1909f56bfc062723c751e8b465ee728b)  -> (artifact id: 'f07659a4a1c8d1f8f31b8b30192f6179') in 0.013114 seconds 
  Import took 0.016865 seconds .

========================================================================
Received Import Request.
  Time since last request: 0.000311 seconds.
  path: Assets/Medieval_pixel_art_asset_FREE/Tiles_free/Medieval_tiles_free2_37.asset
  artifactKey: Guid(2692f4efbd3809341a0d5eeb348d9bd8) Importer(815301076,1909f56bfc062723c751e8b465ee728b)
Start importing Assets/Medieval_pixel_art_asset_FREE/Tiles_free/Medieval_tiles_free2_37.asset using Guid(2692f4efbd3809341a0d5eeb348d9bd8) Importer(815301076,1909f56bfc062723c751e8b465ee728b)  -> (artifact id: '7a389a45308d507d7737cac300bca60f') in 0.013262 seconds 
  Import took 0.016831 seconds .

========================================================================
Received Import Request.
  Time since last request: 0.000300 seconds.
  path: Assets/Medieval_pixel_art_asset_FREE/Tiles_free/Medieval_tiles_free2_62.asset
  artifactKey: Guid(07e731826059b264fa55dd97335be51b) Importer(815301076,1909f56bfc062723c751e8b465ee728b)
Start importing Assets/Medieval_pixel_art_asset_FREE/Tiles_free/Medieval_tiles_free2_62.asset using Guid(07e731826059b264fa55dd97335be51b) Importer(815301076,1909f56bfc062723c751e8b465ee728b)  -> (artifact id: '03f00b789062a02feb44e6da2ccd3c74') in 0.014849 seconds 
  Import took 0.018572 seconds .

========================================================================
Received Import Request.
  Time since last request: 0.000353 seconds.
  path: Assets/Medieval_pixel_art_asset_FREE/Tiles_free/Medieval_tiles_free2_60.asset
  artifactKey: Guid(aa3f6a82a6124f74ab6a46e72846b500) Importer(815301076,1909f56bfc062723c751e8b465ee728b)
Start importing Assets/Medieval_pixel_art_asset_FREE/Tiles_free/Medieval_tiles_free2_60.asset using Guid(aa3f6a82a6124f74ab6a46e72846b500) Importer(815301076,1909f56bfc062723c751e8b465ee728b)  -> (artifact id: 'b32b3b1a2916b11c05015239c47eeb6c') in 0.015420 seconds 
  Import took 0.019051 seconds .

========================================================================
Received Import Request.
  Time since last request: 0.000363 seconds.
  path: Assets/Medieval_pixel_art_asset_FREE/Tiles_free/Medieval_tiles_free2_17.asset
  artifactKey: Guid(1f5ec9855099f154c9a58ac3be8d2b1a) Importer(815301076,1909f56bfc062723c751e8b465ee728b)
Start importing Assets/Medieval_pixel_art_asset_FREE/Tiles_free/Medieval_tiles_free2_17.asset using Guid(1f5ec9855099f154c9a58ac3be8d2b1a) Importer(815301076,1909f56bfc062723c751e8b465ee728b)  -> (artifact id: '5a43fc0dc37e01a8034020c3b59b2068') in 0.013959 seconds 
  Import took 0.017816 seconds .

========================================================================
Received Import Request.
  Time since last request: 0.000274 seconds.
  path: Assets/Medieval_pixel_art_asset_FREE/Tiles_free/Medieval_tiles_free2_41.asset
  artifactKey: Guid(fb9912924f933524d95c2a67110c04de) Importer(815301076,1909f56bfc062723c751e8b465ee728b)
Start importing Assets/Medieval_pixel_art_asset_FREE/Tiles_free/Medieval_tiles_free2_41.asset using Guid(fb9912924f933524d95c2a67110c04de) Importer(815301076,1909f56bfc062723c751e8b465ee728b)  -> (artifact id: '6eb70806de7bebf02cc05a31bdb3f2b2') in 0.013735 seconds 
  Import took 0.017344 seconds .

========================================================================
Received Import Request.
  Time since last request: 0.000313 seconds.
  path: Assets/Medieval_pixel_art_asset_FREE/Tiles_free/Medieval_tiles_free2_1.asset
  artifactKey: Guid(00fe28a97a714714ba7d64796c54617e) Importer(815301076,1909f56bfc062723c751e8b465ee728b)
Start importing Assets/Medieval_pixel_art_asset_FREE/Tiles_free/Medieval_tiles_free2_1.asset using Guid(00fe28a97a714714ba7d64796c54617e) Importer(815301076,1909f56bfc062723c751e8b465ee728b)  -> (artifact id: 'a3b8f28ce0c7808499d42923367c7b77') in 0.014094 seconds 
  Import took 0.017948 seconds .

========================================================================
Received Import Request.
  Time since last request: 0.000359 seconds.
  path: Assets/Medieval_pixel_art_asset_FREE/Tiles_free/Medieval_tiles_free2_49.asset
  artifactKey: Guid(a5e6056865d9eab4dac9498881c5fcf8) Importer(815301076,1909f56bfc062723c751e8b465ee728b)
Start importing Assets/Medieval_pixel_art_asset_FREE/Tiles_free/Medieval_tiles_free2_49.asset using Guid(a5e6056865d9eab4dac9498881c5fcf8) Importer(815301076,1909f56bfc062723c751e8b465ee728b)  -> (artifact id: '1c9e66fa75dbf6fd71206160dc216113') in 0.013886 seconds 
  Import took 0.017753 seconds .

========================================================================
Received Import Request.
  Time since last request: 0.000306 seconds.
  path: Assets/Medieval_pixel_art_asset_FREE/Tiles_free/Medieval_tiles_free2_52.asset
  artifactKey: Guid(c9ed40586f9a4c14b91c068d3541384c) Importer(815301076,1909f56bfc062723c751e8b465ee728b)
Start importing Assets/Medieval_pixel_art_asset_FREE/Tiles_free/Medieval_tiles_free2_52.asset using Guid(c9ed40586f9a4c14b91c068d3541384c) Importer(815301076,1909f56bfc062723c751e8b465ee728b)  -> (artifact id: 'abbb7e94b0f4f5f9e5aeff4a473d2a3a') in 0.014374 seconds 
  Import took 0.018254 seconds .

========================================================================
Received Import Request.
  Time since last request: 0.000306 seconds.
  path: Assets/Medieval_pixel_art_asset_FREE/Tiles_free/Medieval_tiles_free2_26.asset
  artifactKey: Guid(e248ab13b7a066d44ad69da8e1877934) Importer(815301076,1909f56bfc062723c751e8b465ee728b)
Start importing Assets/Medieval_pixel_art_asset_FREE/Tiles_free/Medieval_tiles_free2_26.asset using Guid(e248ab13b7a066d44ad69da8e1877934) Importer(815301076,1909f56bfc062723c751e8b465ee728b)  -> (artifact id: 'b2190284ac65da4fc59adce48d3a1fea') in 0.013347 seconds 
  Import took 0.017039 seconds .

========================================================================
Received Import Request.
  Time since last request: 0.000251 seconds.
  path: Assets/Medieval_pixel_art_asset_FREE/Tiles_free/Medieval_tiles_free2_35.asset
  artifactKey: Guid(75ac9449cb30b084f837aa903efca74b) Importer(815301076,1909f56bfc062723c751e8b465ee728b)
Start importing Assets/Medieval_pixel_art_asset_FREE/Tiles_free/Medieval_tiles_free2_35.asset using Guid(75ac9449cb30b084f837aa903efca74b) Importer(815301076,1909f56bfc062723c751e8b465ee728b)  -> (artifact id: 'b0d458c015b7626ebdb4c65c66c1b4d0') in 0.013223 seconds 
  Import took 0.016868 seconds .

========================================================================
Received Import Request.
  Time since last request: 0.000302 seconds.
  path: Assets/Medieval_pixel_art_asset_FREE/Tiles_free/Medieval_tiles_free2_2.asset
  artifactKey: Guid(e23f9ccbba15c6e4d93127ee72575a4f) Importer(815301076,1909f56bfc062723c751e8b465ee728b)
Start importing Assets/Medieval_pixel_art_asset_FREE/Tiles_free/Medieval_tiles_free2_2.asset using Guid(e23f9ccbba15c6e4d93127ee72575a4f) Importer(815301076,1909f56bfc062723c751e8b465ee728b)  -> (artifact id: 'afa029485e5096cca4578968e7e6d666') in 0.015375 seconds 
  Import took 0.020398 seconds .

========================================================================
Received Import Request.
  Time since last request: 0.000332 seconds.
  path: Assets/Medieval_pixel_art_asset_FREE/Tiles_free/Medieval_tiles_free2_68.asset
  artifactKey: Guid(961d20cb835a8a84197d9362cd9fcddb) Importer(815301076,1909f56bfc062723c751e8b465ee728b)
Start importing Assets/Medieval_pixel_art_asset_FREE/Tiles_free/Medieval_tiles_free2_68.asset using Guid(961d20cb835a8a84197d9362cd9fcddb) Importer(815301076,1909f56bfc062723c751e8b465ee728b)  -> (artifact id: 'ace01de61d46084d6b66d44d7a259ecb') in 0.014829 seconds 
  Import took 0.018673 seconds .

========================================================================
Received Import Request.
  Time since last request: 0.000294 seconds.
  path: Assets/Medieval_pixel_art_asset_FREE/Tiles_free/Medieval_tiles_free2_39.asset
  artifactKey: Guid(623aaf92a77c47b49a49e59d04951323) Importer(815301076,1909f56bfc062723c751e8b465ee728b)
Start importing Assets/Medieval_pixel_art_asset_FREE/Tiles_free/Medieval_tiles_free2_39.asset using Guid(623aaf92a77c47b49a49e59d04951323) Importer(815301076,1909f56bfc062723c751e8b465ee728b)  -> (artifact id: '3ab52dcbb2cb0e688571c1a55ab71d5a') in 0.013881 seconds 
  Import took 0.017726 seconds .

========================================================================
Received Import Request.
  Time since last request: 0.000383 seconds.
  path: Assets/Medieval_pixel_art_asset_FREE/Tiles_free/Medieval_tiles_free2_33.asset
  artifactKey: Guid(4d39f938b384d774589f5eec56572f61) Importer(815301076,1909f56bfc062723c751e8b465ee728b)
Start importing Assets/Medieval_pixel_art_asset_FREE/Tiles_free/Medieval_tiles_free2_33.asset using Guid(4d39f938b384d774589f5eec56572f61) Importer(815301076,1909f56bfc062723c751e8b465ee728b)  -> (artifact id: '20438bd6fb6203d1578a29e7a0d204e4') in 0.013127 seconds 
  Import took 0.016973 seconds .

========================================================================
Received Import Request.
  Time since last request: 0.000299 seconds.
  path: Assets/Medieval_pixel_art_asset_FREE/Tiles_free/Medieval_tiles_free2_56.asset
  artifactKey: Guid(8b5fd3f4903507840b77e6878986a4f7) Importer(815301076,1909f56bfc062723c751e8b465ee728b)
Start importing Assets/Medieval_pixel_art_asset_FREE/Tiles_free/Medieval_tiles_free2_56.asset using Guid(8b5fd3f4903507840b77e6878986a4f7) Importer(815301076,1909f56bfc062723c751e8b465ee728b)  -> (artifact id: 'e3521a5465606aa080c094ea20e08db4') in 0.014397 seconds 
  Import took 0.018381 seconds .

========================================================================
Received Import Request.
  Time since last request: 0.000334 seconds.
  path: Assets/Medieval_pixel_art_asset_FREE/Tiles_free/Medieval_tiles_free2_21.asset
  artifactKey: Guid(0bf16d69d9aeaae4189835c6b2342fd4) Importer(815301076,1909f56bfc062723c751e8b465ee728b)
Start importing Assets/Medieval_pixel_art_asset_FREE/Tiles_free/Medieval_tiles_free2_21.asset using Guid(0bf16d69d9aeaae4189835c6b2342fd4) Importer(815301076,1909f56bfc062723c751e8b465ee728b)  -> (artifact id: '7df19e7207abd64b552832368ad8fcb7') in 0.014301 seconds 
  Import took 0.017948 seconds .

========================================================================
Received Import Request.
  Time since last request: 0.000256 seconds.
  path: Assets/Medieval_pixel_art_asset_FREE/Tiles_free/Medieval_tiles_free2_48.asset
  artifactKey: Guid(7f36776e1b185bd479fe5d20e2e23995) Importer(815301076,1909f56bfc062723c751e8b465ee728b)
Start importing Assets/Medieval_pixel_art_asset_FREE/Tiles_free/Medieval_tiles_free2_48.asset using Guid(7f36776e1b185bd479fe5d20e2e23995) Importer(815301076,1909f56bfc062723c751e8b465ee728b)  -> (artifact id: '4a892a605274df81712b159b7c3329e5') in 0.012594 seconds 
  Import took 0.016146 seconds .

========================================================================
Received Import Request.
  Time since last request: 0.000423 seconds.
  path: Assets/Medieval_pixel_art_asset_FREE/Tiles_free/Medieval_tiles_free2_23.asset
  artifactKey: Guid(706d8307a11b2f24cbc2b2d304cc16f1) Importer(815301076,1909f56bfc062723c751e8b465ee728b)
Start importing Assets/Medieval_pixel_art_asset_FREE/Tiles_free/Medieval_tiles_free2_23.asset using Guid(706d8307a11b2f24cbc2b2d304cc16f1) Importer(815301076,1909f56bfc062723c751e8b465ee728b)  -> (artifact id: '7c686b7756297b42b97650513af72b05') in 0.013153 seconds 
  Import took 0.016918 seconds .

========================================================================
Received Import Request.
  Time since last request: 0.000319 seconds.
  path: Assets/Medieval_pixel_art_asset_FREE/Tiles_free/Medieval_tiles_free2_58.asset
  artifactKey: Guid(d0c82a4d040e9ab4fa7921498aef3cde) Importer(815301076,1909f56bfc062723c751e8b465ee728b)
Start importing Assets/Medieval_pixel_art_asset_FREE/Tiles_free/Medieval_tiles_free2_58.asset using Guid(d0c82a4d040e9ab4fa7921498aef3cde) Importer(815301076,1909f56bfc062723c751e8b465ee728b)  -> (artifact id: '7865fccd3e1389c07b25b001e6f1e3ef') in 0.013071 seconds 
  Import took 0.016939 seconds .

========================================================================
Received Import Request.
  Time since last request: 0.000325 seconds.
  path: Assets/Medieval_pixel_art_asset_FREE/Tiles_free/Medieval_tiles_free2_9.asset
  artifactKey: Guid(8cbb1fc886e2cf04083457e2b390e43b) Importer(815301076,1909f56bfc062723c751e8b465ee728b)
Start importing Assets/Medieval_pixel_art_asset_FREE/Tiles_free/Medieval_tiles_free2_9.asset using Guid(8cbb1fc886e2cf04083457e2b390e43b) Importer(815301076,1909f56bfc062723c751e8b465ee728b)  -> (artifact id: 'b8f804155970c3888199e93eb318d362') in 0.014726 seconds 
  Import took 0.019387 seconds .

========================================================================
Received Import Request.
  Time since last request: 0.000392 seconds.
  path: Assets/Medieval_pixel_art_asset_FREE/Tiles_free/Medieval_tiles_free2_10.asset
  artifactKey: Guid(6f8ffdf4dd9eff74d826989fdc289ecc) Importer(815301076,1909f56bfc062723c751e8b465ee728b)
Start importing Assets/Medieval_pixel_art_asset_FREE/Tiles_free/Medieval_tiles_free2_10.asset using Guid(6f8ffdf4dd9eff74d826989fdc289ecc) Importer(815301076,1909f56bfc062723c751e8b465ee728b)  -> (artifact id: 'a1b59109ac45dc8e349a6c49a642a502') in 0.016280 seconds 
  Import took 0.020236 seconds .

========================================================================
Received Import Request.
  Time since last request: 0.000365 seconds.
  path: Assets/Medieval_pixel_art_asset_FREE/Tiles_free/Medieval_tiles_free2_51.asset
  artifactKey: Guid(4f7b4c99fffee0a40876fadafdf9fcec) Importer(815301076,1909f56bfc062723c751e8b465ee728b)
Start importing Assets/Medieval_pixel_art_asset_FREE/Tiles_free/Medieval_tiles_free2_51.asset using Guid(4f7b4c99fffee0a40876fadafdf9fcec) Importer(815301076,1909f56bfc062723c751e8b465ee728b)  -> (artifact id: 'ccad4d273d5c9747b0d401948596f2bd') in 0.012970 seconds 
  Import took 0.016707 seconds .

========================================================================
Received Import Request.
  Time since last request: 0.000387 seconds.
  path: Assets/Medieval_pixel_art_asset_FREE/Tiles_free/Medieval_tiles_free2_15.asset
  artifactKey: Guid(e21a8a830346f7c47937317e47317e97) Importer(815301076,1909f56bfc062723c751e8b465ee728b)
Start importing Assets/Medieval_pixel_art_asset_FREE/Tiles_free/Medieval_tiles_free2_15.asset using Guid(e21a8a830346f7c47937317e47317e97) Importer(815301076,1909f56bfc062723c751e8b465ee728b)  -> (artifact id: 'c1c09e11841692559e7fe819dfd39277') in 0.013605 seconds 
  Import took 0.017643 seconds .

========================================================================
Received Import Request.
  Time since last request: 0.000352 seconds.
  path: Assets/Medieval_pixel_art_asset_FREE/Tiles_free/Medieval_tiles_free2_16.asset
  artifactKey: Guid(c7e104a15f92b094ca3f320a387f4bf4) Importer(815301076,1909f56bfc062723c751e8b465ee728b)
Start importing Assets/Medieval_pixel_art_asset_FREE/Tiles_free/Medieval_tiles_free2_16.asset using Guid(c7e104a15f92b094ca3f320a387f4bf4) Importer(815301076,1909f56bfc062723c751e8b465ee728b)  -> (artifact id: 'abaa4fcada48851b0344e6760feb053b') in 0.014932 seconds 
  Import took 0.018754 seconds .

========================================================================
Received Import Request.
  Time since last request: 0.000357 seconds.
  path: Assets/Medieval_pixel_art_asset_FREE/Tiles_free/Medieval_tiles_free2_31.asset
  artifactKey: Guid(384bd6f8a294d504db2f6dcd946cfc84) Importer(815301076,1909f56bfc062723c751e8b465ee728b)
Start importing Assets/Medieval_pixel_art_asset_FREE/Tiles_free/Medieval_tiles_free2_31.asset using Guid(384bd6f8a294d504db2f6dcd946cfc84) Importer(815301076,1909f56bfc062723c751e8b465ee728b)  -> (artifact id: 'b26283971a5130bf4895748f088e93c9') in 0.015009 seconds 
  Import took 0.018979 seconds .

========================================================================
Received Import Request.
  Time since last request: 0.000360 seconds.
  path: Assets/Medieval_pixel_art_asset_FREE/Tiles_free/Medieval_tiles_free2_30.asset
  artifactKey: Guid(3ca2bd8a728e7974385b6d5baa7945f4) Importer(815301076,1909f56bfc062723c751e8b465ee728b)
Start importing Assets/Medieval_pixel_art_asset_FREE/Tiles_free/Medieval_tiles_free2_30.asset using Guid(3ca2bd8a728e7974385b6d5baa7945f4) Importer(815301076,1909f56bfc062723c751e8b465ee728b)  -> (artifact id: '83566c8fd5e6ba87247243373396da10') in 0.014510 seconds 
  Import took 0.018676 seconds .

========================================================================
Received Import Request.
  Time since last request: 0.000310 seconds.
  path: Assets/Medieval_pixel_art_asset_FREE/Tiles_free/Medieval_tiles_free2_11.asset
  artifactKey: Guid(bd0adafd2601bb74dacbd30d5efcd1d3) Importer(815301076,1909f56bfc062723c751e8b465ee728b)
Start importing Assets/Medieval_pixel_art_asset_FREE/Tiles_free/Medieval_tiles_free2_11.asset using Guid(bd0adafd2601bb74dacbd30d5efcd1d3) Importer(815301076,1909f56bfc062723c751e8b465ee728b)  -> (artifact id: 'c06371fe67fe17bb52146878146424eb') in 0.012150 seconds 
  Import took 0.015766 seconds .

========================================================================
Received Import Request.
  Time since last request: 0.000356 seconds.
  path: Assets/Medieval_pixel_art_asset_FREE/Tiles_free/Medieval_tiles_free2_3.asset
  artifactKey: Guid(a22c97a39c65b374dbccd029d4df9a21) Importer(815301076,1909f56bfc062723c751e8b465ee728b)
Start importing Assets/Medieval_pixel_art_asset_FREE/Tiles_free/Medieval_tiles_free2_3.asset using Guid(a22c97a39c65b374dbccd029d4df9a21) Importer(815301076,1909f56bfc062723c751e8b465ee728b)  -> (artifact id: 'd095ee5e5f5c45bbb9322bbbc02a6718') in 0.013570 seconds 
  Import took 0.017488 seconds .

========================================================================
Received Import Request.
  Time since last request: 0.000362 seconds.
  path: Assets/Medieval_pixel_art_asset_FREE/Tiles_free/Medieval_tiles_free2_55.asset
  artifactKey: Guid(c9bc746670b28ec418142d49023fbecd) Importer(815301076,1909f56bfc062723c751e8b465ee728b)
Start importing Assets/Medieval_pixel_art_asset_FREE/Tiles_free/Medieval_tiles_free2_55.asset using Guid(c9bc746670b28ec418142d49023fbecd) Importer(815301076,1909f56bfc062723c751e8b465ee728b)  -> (artifact id: '5d70604179484a9d751fa65fa5504f61') in 0.013293 seconds 
  Import took 0.016969 seconds .

========================================================================
Received Import Request.
  Time since last request: 0.000350 seconds.
  path: Assets/Medieval_pixel_art_asset_FREE/Tiles_free/Medieval_tiles_free2_6.asset
  artifactKey: Guid(c6036000667b5934d818717a2318de69) Importer(815301076,1909f56bfc062723c751e8b465ee728b)
Start importing Assets/Medieval_pixel_art_asset_FREE/Tiles_free/Medieval_tiles_free2_6.asset using Guid(c6036000667b5934d818717a2318de69) Importer(815301076,1909f56bfc062723c751e8b465ee728b)  -> (artifact id: '26f0be089b30ab21a4331c03a5d6a926') in 0.014176 seconds 
  Import took 0.017992 seconds .

========================================================================
Received Import Request.
  Time since last request: 0.000378 seconds.
  path: Assets/Medieval_pixel_art_asset_FREE/Tiles_free/Medieval_tiles_free2_36.asset
  artifactKey: Guid(f4e6b983780735f4ebdae217da51f126) Importer(815301076,1909f56bfc062723c751e8b465ee728b)
Start importing Assets/Medieval_pixel_art_asset_FREE/Tiles_free/Medieval_tiles_free2_36.asset using Guid(f4e6b983780735f4ebdae217da51f126) Importer(815301076,1909f56bfc062723c751e8b465ee728b)  -> (artifact id: 'b52738983778bc18d46566f91b9f3332') in 0.012644 seconds 
  Import took 0.016520 seconds .

========================================================================
Received Import Request.
  Time since last request: 0.000327 seconds.
  path: Assets/Medieval_pixel_art_asset_FREE/Tiles_free/Medieval_tiles_free2_24.asset
  artifactKey: Guid(3ba78f7ac22c9d84caac47bf2347cb4c) Importer(815301076,1909f56bfc062723c751e8b465ee728b)
Start importing Assets/Medieval_pixel_art_asset_FREE/Tiles_free/Medieval_tiles_free2_24.asset using Guid(3ba78f7ac22c9d84caac47bf2347cb4c) Importer(815301076,1909f56bfc062723c751e8b465ee728b)  -> (artifact id: '711f79f290f4bc3510ccd0ae19139524') in 0.014414 seconds 
  Import took 0.018190 seconds .

========================================================================
Received Import Request.
  Time since last request: 0.000316 seconds.
  path: Assets/Medieval_pixel_art_asset_FREE/Tiles_free/Medieval_tiles_free2_69.asset
  artifactKey: Guid(c9d09ad4fafe1d440aea84178b5a39a5) Importer(815301076,1909f56bfc062723c751e8b465ee728b)
Start importing Assets/Medieval_pixel_art_asset_FREE/Tiles_free/Medieval_tiles_free2_69.asset using Guid(c9d09ad4fafe1d440aea84178b5a39a5) Importer(815301076,1909f56bfc062723c751e8b465ee728b)  -> (artifact id: '893dc64e5f75b8f0cef2e4f5f98635a7') in 0.016315 seconds 
  Import took 0.019953 seconds .

========================================================================
Received Import Request.
  Time since last request: 0.000310 seconds.
  path: Assets/Medieval_pixel_art_asset_FREE/Tiles_free/Medieval_tiles_free2_65.asset
  artifactKey: Guid(1bc8d63dc35d75e4d89c90a5c9be0097) Importer(815301076,1909f56bfc062723c751e8b465ee728b)
Start importing Assets/Medieval_pixel_art_asset_FREE/Tiles_free/Medieval_tiles_free2_65.asset using Guid(1bc8d63dc35d75e4d89c90a5c9be0097) Importer(815301076,1909f56bfc062723c751e8b465ee728b)  -> (artifact id: '5b8b00a8dec036c1e422bb60df512757') in 0.013392 seconds 
  Import took 0.017212 seconds .

========================================================================
Received Import Request.
  Time since last request: 0.000304 seconds.
  path: Assets/Medieval_pixel_art_asset_FREE/Tiles_free/Medieval_tiles_free2_38.asset
  artifactKey: Guid(2a304df656aa83c4893d32ae8275fe52) Importer(815301076,1909f56bfc062723c751e8b465ee728b)
Start importing Assets/Medieval_pixel_art_asset_FREE/Tiles_free/Medieval_tiles_free2_38.asset using Guid(2a304df656aa83c4893d32ae8275fe52) Importer(815301076,1909f56bfc062723c751e8b465ee728b)  -> (artifact id: '9751c0e629de16aa97979d552edf158a') in 0.014016 seconds 
  Import took 0.017785 seconds .

========================================================================
Received Import Request.
  Time since last request: 0.000426 seconds.
  path: Assets/Medieval_pixel_art_asset_FREE/Tiles_free/Medieval_tiles_free2_45.asset
  artifactKey: Guid(3128955341263c74090c006ed71470a2) Importer(815301076,1909f56bfc062723c751e8b465ee728b)
Start importing Assets/Medieval_pixel_art_asset_FREE/Tiles_free/Medieval_tiles_free2_45.asset using Guid(3128955341263c74090c006ed71470a2) Importer(815301076,1909f56bfc062723c751e8b465ee728b)  -> (artifact id: '14b941d652a684e2fefc5a594a5c01fa') in 0.012915 seconds 
  Import took 0.016726 seconds .

========================================================================
Received Import Request.
  Time since last request: 0.000335 seconds.
  path: Assets/Medieval_pixel_art_asset_FREE/Tiles_free/Medieval_tiles_free2_34.asset
  artifactKey: Guid(c5ad727bbcad46240b1d37ecf3f275f7) Importer(815301076,1909f56bfc062723c751e8b465ee728b)
Start importing Assets/Medieval_pixel_art_asset_FREE/Tiles_free/Medieval_tiles_free2_34.asset using Guid(c5ad727bbcad46240b1d37ecf3f275f7) Importer(815301076,1909f56bfc062723c751e8b465ee728b)  -> (artifact id: 'ab07d483db84f3d6fa64c657a066ca45') in 0.013789 seconds 
  Import took 0.017586 seconds .

========================================================================
Received Import Request.
  Time since last request: 0.000291 seconds.
  path: Assets/Medieval_pixel_art_asset_FREE/Tiles_free/Medieval_tiles_free2_59.asset
  artifactKey: Guid(2a6ed7fa312b0e444b75b3d388a30bb5) Importer(815301076,1909f56bfc062723c751e8b465ee728b)
Start importing Assets/Medieval_pixel_art_asset_FREE/Tiles_free/Medieval_tiles_free2_59.asset using Guid(2a6ed7fa312b0e444b75b3d388a30bb5) Importer(815301076,1909f56bfc062723c751e8b465ee728b)  -> (artifact id: '1fb3738fae0cd5dea2d8595cc8073078') in 0.013549 seconds 
  Import took 0.017518 seconds .

========================================================================
Received Import Request.
  Time since last request: 0.000322 seconds.
  path: Assets/Medieval_pixel_art_asset_FREE/Tiles_free/Medieval_tiles_free2_12.asset
  artifactKey: Guid(c5d5c0047362956438d3faa1d935620b) Importer(815301076,1909f56bfc062723c751e8b465ee728b)
Start importing Assets/Medieval_pixel_art_asset_FREE/Tiles_free/Medieval_tiles_free2_12.asset using Guid(c5d5c0047362956438d3faa1d935620b) Importer(815301076,1909f56bfc062723c751e8b465ee728b)  -> (artifact id: 'c512dc00c4c950600316e9d672ee07b9') in 0.016030 seconds 
  Import took 0.019617 seconds .

========================================================================
Received Import Request.
  Time since last request: 0.000263 seconds.
  path: Assets/Medieval_pixel_art_asset_FREE/Tiles_free/Medieval_tiles_free2_13.asset
  artifactKey: Guid(6ac5fee16c2e8da4d91c8ad5aab85514) Importer(815301076,1909f56bfc062723c751e8b465ee728b)
Start importing Assets/Medieval_pixel_art_asset_FREE/Tiles_free/Medieval_tiles_free2_13.asset using Guid(6ac5fee16c2e8da4d91c8ad5aab85514) Importer(815301076,1909f56bfc062723c751e8b465ee728b)  -> (artifact id: '50131066097edd907f5aa13e1f84d0ec') in 0.014031 seconds 
  Import took 0.017982 seconds .

========================================================================
Received Import Request.
  Time since last request: 0.000312 seconds.
  path: Assets/Medieval_pixel_art_asset_FREE/Tiles_free/Medieval_tiles_free2_57.asset
  artifactKey: Guid(adebb42c4b9514746b250d606bc847d5) Importer(815301076,1909f56bfc062723c751e8b465ee728b)
Start importing Assets/Medieval_pixel_art_asset_FREE/Tiles_free/Medieval_tiles_free2_57.asset using Guid(adebb42c4b9514746b250d606bc847d5) Importer(815301076,1909f56bfc062723c751e8b465ee728b)  -> (artifact id: '05e387bbbfebd1eabb9bf3e7209373fa') in 0.014233 seconds 
  Import took 0.018225 seconds .

========================================================================
Received Import Request.
  Time since last request: 0.000326 seconds.
  path: Assets/Medieval_pixel_art_asset_FREE/Tiles_free/Medieval_tiles_free2_29.asset
  artifactKey: Guid(0fae4d02d118d244c858d0ea12fb2d6c) Importer(815301076,1909f56bfc062723c751e8b465ee728b)
Start importing Assets/Medieval_pixel_art_asset_FREE/Tiles_free/Medieval_tiles_free2_29.asset using Guid(0fae4d02d118d244c858d0ea12fb2d6c) Importer(815301076,1909f56bfc062723c751e8b465ee728b)  -> (artifact id: '9ec39ea7e71f8f02987ad88e8638939e') in 0.014299 seconds 
  Import took 0.018155 seconds .

========================================================================
Received Import Request.
  Time since last request: 0.000475 seconds.
  path: Assets/Medieval_pixel_art_asset_FREE/Tiles_free/Medieval_tiles_free2_32.asset
  artifactKey: Guid(b9eda2a54a9f40348804c9aaabe17b1d) Importer(815301076,1909f56bfc062723c751e8b465ee728b)
Start importing Assets/Medieval_pixel_art_asset_FREE/Tiles_free/Medieval_tiles_free2_32.asset using Guid(b9eda2a54a9f40348804c9aaabe17b1d) Importer(815301076,1909f56bfc062723c751e8b465ee728b)  -> (artifact id: '9721f9f245631a119384522012226fb4') in 0.014769 seconds 
  Import took 0.018775 seconds .

========================================================================
Received Import Request.
  Time since last request: 0.000248 seconds.
  path: Assets/Medieval_pixel_art_asset_FREE/Tiles_free/Medieval_tiles_free2_43.asset
  artifactKey: Guid(40157bb7c4b726343b1e8ea873df3f16) Importer(815301076,1909f56bfc062723c751e8b465ee728b)
Start importing Assets/Medieval_pixel_art_asset_FREE/Tiles_free/Medieval_tiles_free2_43.asset using Guid(40157bb7c4b726343b1e8ea873df3f16) Importer(815301076,1909f56bfc062723c751e8b465ee728b)  -> (artifact id: '15da27cd8ab78bf558d52b361f85ff1f') in 0.015283 seconds 
  Import took 0.019795 seconds .

========================================================================
Received Import Request.
  Time since last request: 0.000375 seconds.
  path: Assets/Medieval_pixel_art_asset_FREE/Tiles_free/Medieval_tiles_free2_44.asset
  artifactKey: Guid(954409f4ba53fb24a9eb9592050da5b5) Importer(815301076,1909f56bfc062723c751e8b465ee728b)
Start importing Assets/Medieval_pixel_art_asset_FREE/Tiles_free/Medieval_tiles_free2_44.asset using Guid(954409f4ba53fb24a9eb9592050da5b5) Importer(815301076,1909f56bfc062723c751e8b465ee728b)  -> (artifact id: '82bfb8bd56d389ee584edf3b983fd173') in 0.012984 seconds 
  Import took 0.017912 seconds .

========================================================================
Received Import Request.
  Time since last request: 0.000305 seconds.
  path: Assets/Medieval_pixel_art_asset_FREE/Tiles_free/Medieval_tiles_free2_19.asset
  artifactKey: Guid(e64f4d07434b48e4eae4df3a53982d2a) Importer(815301076,1909f56bfc062723c751e8b465ee728b)
Start importing Assets/Medieval_pixel_art_asset_FREE/Tiles_free/Medieval_tiles_free2_19.asset using Guid(e64f4d07434b48e4eae4df3a53982d2a) Importer(815301076,1909f56bfc062723c751e8b465ee728b)  -> (artifact id: '707a0c6f5d0098bf164cb58c0a9f527b') in 0.016245 seconds 
  Import took 0.020390 seconds .

========================================================================
Received Import Request.
  Time since last request: 0.000365 seconds.
  path: Assets/Medieval_pixel_art_asset_FREE/Tiles_free/Medieval_tiles_free2_7.asset
  artifactKey: Guid(0dbd2c7dd43603c4f8d08d7964404ad0) Importer(815301076,1909f56bfc062723c751e8b465ee728b)
Start importing Assets/Medieval_pixel_art_asset_FREE/Tiles_free/Medieval_tiles_free2_7.asset using Guid(0dbd2c7dd43603c4f8d08d7964404ad0) Importer(815301076,1909f56bfc062723c751e8b465ee728b)  -> (artifact id: 'f5ee206e0ef47c1b0e68c9ab7233748d') in 0.013903 seconds 
  Import took 0.017826 seconds .

========================================================================
Received Import Request.
  Time since last request: 0.000287 seconds.
  path: Assets/Medieval_pixel_art_asset_FREE/Tiles_free/Medieval_tiles_free2_67.asset
  artifactKey: Guid(48739b254deb5b84888af6fd0e3fafc8) Importer(815301076,1909f56bfc062723c751e8b465ee728b)
Start importing Assets/Medieval_pixel_art_asset_FREE/Tiles_free/Medieval_tiles_free2_67.asset using Guid(48739b254deb5b84888af6fd0e3fafc8) Importer(815301076,1909f56bfc062723c751e8b465ee728b)  -> (artifact id: 'be3156e8efedc83c6ce07d0764059dff') in 0.014478 seconds 
  Import took 0.018628 seconds .

========================================================================
Received Import Request.
  Time since last request: 0.000236 seconds.
  path: Assets/Medieval_pixel_art_asset_FREE/Tiles_free/Medieval_tiles_free2_64.asset
  artifactKey: Guid(44deb446fe8ddff42899a201ef75789a) Importer(815301076,1909f56bfc062723c751e8b465ee728b)
Start importing Assets/Medieval_pixel_art_asset_FREE/Tiles_free/Medieval_tiles_free2_64.asset using Guid(44deb446fe8ddff42899a201ef75789a) Importer(815301076,1909f56bfc062723c751e8b465ee728b)  -> (artifact id: '588934a5ace83ae04517e7a7960d905e') in 0.014521 seconds 
  Import took 0.019443 seconds .

========================================================================
Received Import Request.
  Time since last request: 0.000331 seconds.
  path: Assets/Medieval_pixel_art_asset_FREE/Tiles_free/Medieval_tiles_free2_14.asset
  artifactKey: Guid(1643ced41447bb446a5b15799b0b5503) Importer(815301076,1909f56bfc062723c751e8b465ee728b)
Start importing Assets/Medieval_pixel_art_asset_FREE/Tiles_free/Medieval_tiles_free2_14.asset using Guid(1643ced41447bb446a5b15799b0b5503) Importer(815301076,1909f56bfc062723c751e8b465ee728b)  -> (artifact id: 'ae56d684548fcbf87352e7c4e376d87a') in 0.014877 seconds 
  Import took 0.018783 seconds .

========================================================================
Received Import Request.
  Time since last request: 0.000279 seconds.
  path: Assets/Medieval_pixel_art_asset_FREE/Tiles_free/Medieval_tiles_free2_63.asset
  artifactKey: Guid(9a8aaef3a28be2649baf921162d62da1) Importer(815301076,1909f56bfc062723c751e8b465ee728b)
Start importing Assets/Medieval_pixel_art_asset_FREE/Tiles_free/Medieval_tiles_free2_63.asset using Guid(9a8aaef3a28be2649baf921162d62da1) Importer(815301076,1909f56bfc062723c751e8b465ee728b)  -> (artifact id: '20fc97e0e2dac3024baf6907c13ca3a1') in 0.013355 seconds 
  Import took 0.017694 seconds .

========================================================================
Received Import Request.
  Time since last request: 0.000261 seconds.
  path: Assets/Medieval_pixel_art_asset_FREE/Tiles_free/Medieval_tiles_free2_47.asset
  artifactKey: Guid(d6dcffd7ba5598f498736d5eef96c311) Importer(815301076,1909f56bfc062723c751e8b465ee728b)
Start importing Assets/Medieval_pixel_art_asset_FREE/Tiles_free/Medieval_tiles_free2_47.asset using Guid(d6dcffd7ba5598f498736d5eef96c311) Importer(815301076,1909f56bfc062723c751e8b465ee728b)  -> (artifact id: '227c30412a2764eaf57e39795970113a') in 0.015641 seconds 
  Import took 0.019571 seconds .

========================================================================
Received Import Request.
  Time since last request: 0.000363 seconds.
  path: Assets/Medieval_pixel_art_asset_FREE/Tiles_free/Medieval_tiles_free2_66.asset
  artifactKey: Guid(71d1a9f3c18301e4db3cea1ac29e26c7) Importer(815301076,1909f56bfc062723c751e8b465ee728b)
Start importing Assets/Medieval_pixel_art_asset_FREE/Tiles_free/Medieval_tiles_free2_66.asset using Guid(71d1a9f3c18301e4db3cea1ac29e26c7) Importer(815301076,1909f56bfc062723c751e8b465ee728b)  -> (artifact id: 'bc24e4d469def98c71a140977ecfdf22') in 0.014521 seconds 
  Import took 0.018473 seconds .

========================================================================
Received Import Request.
  Time since last request: 0.000317 seconds.
  path: Assets/Medieval_pixel_art_asset_FREE/Tiles_free/Medieval_tiles_free2_25.asset
  artifactKey: Guid(45b87adb5b36d1a419ec58982723b566) Importer(815301076,1909f56bfc062723c751e8b465ee728b)
Start importing Assets/Medieval_pixel_art_asset_FREE/Tiles_free/Medieval_tiles_free2_25.asset using Guid(45b87adb5b36d1a419ec58982723b566) Importer(815301076,1909f56bfc062723c751e8b465ee728b)  -> (artifact id: '19baf243aa4f31b76506bcd1e907726d') in 0.013242 seconds 
  Import took 0.016816 seconds .

========================================================================
Received Import Request.
  Time since last request: 0.000304 seconds.
  path: Assets/Medieval_pixel_art_asset_FREE/Tiles_free/Medieval_tiles_free2_46.asset
  artifactKey: Guid(2268a5d94b519824fbdf5db5d3eb0cba) Importer(815301076,1909f56bfc062723c751e8b465ee728b)
Start importing Assets/Medieval_pixel_art_asset_FREE/Tiles_free/Medieval_tiles_free2_46.asset using Guid(2268a5d94b519824fbdf5db5d3eb0cba) Importer(815301076,1909f56bfc062723c751e8b465ee728b)  -> (artifact id: '7805bce3638b7a32553514db22022cf3') in 0.016040 seconds 
  Import took 0.021003 seconds .

========================================================================
Received Import Request.
  Time since last request: 0.000325 seconds.
  path: Assets/Medieval_pixel_art_asset_FREE/Tiles_free/Medieval_tiles_free2_54.asset
  artifactKey: Guid(61005a1b0358eee498315897c030d417) Importer(815301076,1909f56bfc062723c751e8b465ee728b)
Start importing Assets/Medieval_pixel_art_asset_FREE/Tiles_free/Medieval_tiles_free2_54.asset using Guid(61005a1b0358eee498315897c030d417) Importer(815301076,1909f56bfc062723c751e8b465ee728b)  -> (artifact id: '9d203d99107218c17899df83cab28c0c') in 0.015548 seconds 
  Import took 0.019349 seconds .

========================================================================
Received Import Request.
  Time since last request: 0.000319 seconds.
  path: Assets/Medieval_pixel_art_asset_FREE/Tiles_free/Medieval_tiles_free2_70.asset
  artifactKey: Guid(bffde621c5c2ba544ab421bf55b9ff59) Importer(815301076,1909f56bfc062723c751e8b465ee728b)
Start importing Assets/Medieval_pixel_art_asset_FREE/Tiles_free/Medieval_tiles_free2_70.asset using Guid(bffde621c5c2ba544ab421bf55b9ff59) Importer(815301076,1909f56bfc062723c751e8b465ee728b)  -> (artifact id: '4ef5fb1bb42ff922384b190aaacf8d6c') in 0.015228 seconds 
  Import took 0.019186 seconds .

========================================================================
Received Import Request.
  Time since last request: 0.000378 seconds.
  path: Assets/Medieval_pixel_art_asset_FREE/Tiles_free/Medieval_tiles_free2_22.asset
  artifactKey: Guid(55198fbb560b87e4f825fffd7fd0b33d) Importer(815301076,1909f56bfc062723c751e8b465ee728b)
Start importing Assets/Medieval_pixel_art_asset_FREE/Tiles_free/Medieval_tiles_free2_22.asset using Guid(55198fbb560b87e4f825fffd7fd0b33d) Importer(815301076,1909f56bfc062723c751e8b465ee728b)  -> (artifact id: '984226ef62f7760ce62ebf030c49392d') in 0.013382 seconds 
  Import took 0.016943 seconds .

========================================================================
Received Import Request.
  Time since last request: 0.000321 seconds.
  path: Assets/Medieval_pixel_art_asset_FREE/Tiles_free/Medieval_tiles_free2_27.asset
  artifactKey: Guid(e54df89b4f95dd74ba08f64cdf6af519) Importer(815301076,1909f56bfc062723c751e8b465ee728b)
Start importing Assets/Medieval_pixel_art_asset_FREE/Tiles_free/Medieval_tiles_free2_27.asset using Guid(e54df89b4f95dd74ba08f64cdf6af519) Importer(815301076,1909f56bfc062723c751e8b465ee728b)  -> (artifact id: 'b215576986df162d55d116ccfc2c9de1') in 0.013259 seconds 
  Import took 0.017372 seconds .

========================================================================
Received Import Request.
  Time since last request: 0.000343 seconds.
  path: Assets/Medieval_pixel_art_asset_FREE/Tiles_free/Medieval_tiles_free2_20.asset
  artifactKey: Guid(a62abee5790bdde47aab392a0a9a4b34) Importer(815301076,1909f56bfc062723c751e8b465ee728b)
Start importing Assets/Medieval_pixel_art_asset_FREE/Tiles_free/Medieval_tiles_free2_20.asset using Guid(a62abee5790bdde47aab392a0a9a4b34) Importer(815301076,1909f56bfc062723c751e8b465ee728b)  -> (artifact id: '9cd93ff7c3b3697503aa0a3eadc6de8e') in 0.013608 seconds 
  Import took 0.017417 seconds .

========================================================================
Received Import Request.
  Time since last request: 0.000361 seconds.
  path: Assets/Medieval_pixel_art_asset_FREE/Tiles_free/Medieval_tiles_free2_61.asset
  artifactKey: Guid(1f5de28909e9756469cb72e199333498) Importer(815301076,1909f56bfc062723c751e8b465ee728b)
Start importing Assets/Medieval_pixel_art_asset_FREE/Tiles_free/Medieval_tiles_free2_61.asset using Guid(1f5de28909e9756469cb72e199333498) Importer(815301076,1909f56bfc062723c751e8b465ee728b)  -> (artifact id: '270c45bfc6e1fe8f7ba959596b91b67e') in 0.014188 seconds 
  Import took 0.018117 seconds .

========================================================================
Received Import Request.
  Time since last request: 2.984973 seconds.
  path: Assets/Medieval_pixel_art_asset_FREE/Textures
  artifactKey: Guid(d91241baa713a0d4a812a1d5aee49972) Importer(815301076,1909f56bfc062723c751e8b465ee728b)
Start importing Assets/Medieval_pixel_art_asset_FREE/Textures using Guid(d91241baa713a0d4a812a1d5aee49972) Importer(815301076,1909f56bfc062723c751e8b465ee728b)  -> (artifact id: '04ba34a8926be86615230210200b7547') in 0.005875 seconds 
  Import took 0.009545 seconds .

========================================================================
Received Import Request.
  Time since last request: 0.839912 seconds.
  path: Assets/Medieval_pixel_art_asset_FREE/Textures/Medieval_props_free.png
  artifactKey: Guid(ae3918a914038694d852d0bb81f62473) Importer(815301076,1909f56bfc062723c751e8b465ee728b)
Start importing Assets/Medieval_pixel_art_asset_FREE/Textures/Medieval_props_free.png using Guid(ae3918a914038694d852d0bb81f62473) Importer(815301076,1909f56bfc062723c751e8b465ee728b)  -> (artifact id: '08cbb8ca0c7f3ecb30d369f66ab3d759') in 0.077725 seconds 
  Import took 0.081524 seconds .

========================================================================
Received Import Request.
  Time since last request: 0.000348 seconds.
  path: Assets/Medieval_pixel_art_asset_FREE/Textures/Medieval_tiles_free2.png
  artifactKey: Guid(cf57b3e7835b02e4493371d9bc259b1b) Importer(815301076,1909f56bfc062723c751e8b465ee728b)
Start importing Assets/Medieval_pixel_art_asset_FREE/Textures/Medieval_tiles_free2.png using Guid(cf57b3e7835b02e4493371d9bc259b1b) Importer(815301076,1909f56bfc062723c751e8b465ee728b)  -> (artifact id: '80a427d45d99a8aa18ffc4c11881e524') in 0.480686 seconds 
  Import took 0.484746 seconds .

========================================================================
Received Import Request.
  Time since last request: 9.555254 seconds.
  path: Assets/Medieval_pixel_art_asset_FREE/Scenes
  artifactKey: Guid(30ab7afce1f77d24e838e2ca44bb7997) Importer(815301076,1909f56bfc062723c751e8b465ee728b)
Start importing Assets/Medieval_pixel_art_asset_FREE/Scenes using Guid(30ab7afce1f77d24e838e2ca44bb7997) Importer(815301076,1909f56bfc062723c751e8b465ee728b)  -> (artifact id: '621cc601cc23a108aeac9c3eb3ef4815') in 0.006399 seconds 
  Import took 0.010105 seconds .

========================================================================
Received Import Request.
  Time since last request: 1.411230 seconds.
  path: Assets/Medieval_pixel_art_asset_FREE/Scenes/demo_scene_FREE.unity
  artifactKey: Guid(f2120731c167b44499fb4a0263fa8368) Importer(815301076,1909f56bfc062723c751e8b465ee728b)
Start importing Assets/Medieval_pixel_art_asset_FREE/Scenes/demo_scene_FREE.unity using Guid(f2120731c167b44499fb4a0263fa8368) Importer(815301076,1909f56bfc062723c751e8b465ee728b)  -> (artifact id: '18cdc58716537c5ae7dd6ec9c169b781') in 0.006520 seconds 
  Import took 0.010193 seconds .

========================================================================
Received Import Request.
  Time since last request: 12.859457 seconds.
  path: Assets/Medieval_pixel_art_asset_FREE/Scenes/props_showcase_scene_FREE.unity
  artifactKey: Guid(de603b1175e67da4395394e7b7a2bcae) Importer(815301076,1909f56bfc062723c751e8b465ee728b)
Start importing Assets/Medieval_pixel_art_asset_FREE/Scenes/props_showcase_scene_FREE.unity using Guid(de603b1175e67da4395394e7b7a2bcae) Importer(815301076,1909f56bfc062723c751e8b465ee728b)  -> (artifact id: '287f26605ca6e463bb202b3d22332b1f') in 0.007091 seconds 
  Import took 0.011393 seconds .

========================================================================
Received Import Request.
  Time since last request: 10.394799 seconds.
  path: Assets/Medieval_pixel_art_asset_FREE/Prefabs
  artifactKey: Guid(25b462d4c7ecad445843e353e2d90427) Importer(815301076,1909f56bfc062723c751e8b465ee728b)
Start importing Assets/Medieval_pixel_art_asset_FREE/Prefabs using Guid(25b462d4c7ecad445843e353e2d90427) Importer(815301076,1909f56bfc062723c751e8b465ee728b)  -> (artifact id: '79fdf06f9c5a6c291c98b8d5dabe3a6d') in 0.008225 seconds 
  Import took 0.011543 seconds .

AssetImportWorkerClient::OnTransportError - code=2 error=End of file
